2021-10-06 15:23:56,710 - 

--------------------

A new instance of the iNatPipeline class has been created

2021-10-06 15:23:56,710 - 

--------------------

A new instance of the iNaturalist class has been created

2021-10-06 15:23:56,715 - A new scrape job has been initiated

2021-10-06 15:23:56,724 - Table 'Zimbabwe_reptiles' successfully created in sqlite3 'iNaturalist_reptile_records' database
2021-10-06 15:24:02,342 - Successfully logged into iNaturalist as Afrisnake
2021-10-06 15:24:05,013 - 'Find oldest record' request successful; status_code = 200
2021-10-06 15:24:05,015 - The earliest record for this query (oldest_str) is 1979-04-22
2021-10-06 15:24:08,708 - 'Filterbydate' request successful; status_code = 200
2021-10-06 15:24:08,810 - species unavailable for obs id 9097672
Traceback (most recent call last):
  File "c:/Users/afris/OneDrive/Documents/Python projects/iNat_scraper/inaturalist_scraper.py", line 480, in extract_records
    species = obs['taxon']['name'].split()[1]
IndexError: list index out of range
2021-10-06 15:24:08,811 - species unavailable for obs id 9097686
Traceback (most recent call last):
  File "c:/Users/afris/OneDrive/Documents/Python projects/iNat_scraper/inaturalist_scraper.py", line 480, in extract_records
    species = obs['taxon']['name'].split()[1]
IndexError: list index out of range
2021-10-06 15:24:08,811 - species unavailable for obs id 17492566
Traceback (most recent call last):
  File "c:/Users/afris/OneDrive/Documents/Python projects/iNat_scraper/inaturalist_scraper.py", line 480, in extract_records
    species = obs['taxon']['name'].split()[1]
IndexError: list index out of range
2021-10-06 15:24:08,811 - species unavailable for obs id 17643624
Traceback (most recent call last):
  File "c:/Users/afris/OneDrive/Documents/Python projects/iNat_scraper/inaturalist_scraper.py", line 480, in extract_records
    species = obs['taxon']['name'].split()[1]
IndexError: list index out of range
2021-10-06 15:24:08,811 - species unavailable for obs id 13730958
Traceback (most recent call last):
  File "c:/Users/afris/OneDrive/Documents/Python projects/iNat_scraper/inaturalist_scraper.py", line 480, in extract_records
    species = obs['taxon']['name'].split()[1]
IndexError: list index out of range
2021-10-06 15:24:08,811 - species unavailable for obs id 16585545
Traceback (most recent call last):
  File "c:/Users/afris/OneDrive/Documents/Python projects/iNat_scraper/inaturalist_scraper.py", line 480, in extract_records
    species = obs['taxon']['name'].split()[1]
IndexError: list index out of range
2021-10-06 15:24:08,811 - species unavailable for obs id 17740557
Traceback (most recent call last):
  File "c:/Users/afris/OneDrive/Documents/Python projects/iNat_scraper/inaturalist_scraper.py", line 480, in extract_records
    species = obs['taxon']['name'].split()[1]
IndexError: list index out of range
2021-10-06 15:24:08,812 - species unavailable for obs id 18532914
Traceback (most recent call last):
  File "c:/Users/afris/OneDrive/Documents/Python projects/iNat_scraper/inaturalist_scraper.py", line 480, in extract_records
    species = obs['taxon']['name'].split()[1]
IndexError: list index out of range
2021-10-06 15:24:08,812 - species unavailable for obs id 63872977
Traceback (most recent call last):
  File "c:/Users/afris/OneDrive/Documents/Python projects/iNat_scraper/inaturalist_scraper.py", line 480, in extract_records
    species = obs['taxon']['name'].split()[1]
IndexError: list index out of range
2021-10-06 15:24:08,812 - species unavailable for obs id 13831552
Traceback (most recent call last):
  File "c:/Users/afris/OneDrive/Documents/Python projects/iNat_scraper/inaturalist_scraper.py", line 480, in extract_records
    species = obs['taxon']['name'].split()[1]
IndexError: list index out of range
2021-10-06 15:24:08,812 - 100 records extracted from page 1
2021-10-06 15:24:08,821 - 100 records successfully written to table 'Zimbabwe_reptiles' in sqlite3 'iNaturalist_reptile_records' database
2021-10-06 15:24:11,879 - 'Filterbydate' request successful; status_code = 200
2021-10-06 15:24:12,030 - species unavailable for obs id 51688763
Traceback (most recent call last):
  File "c:/Users/afris/OneDrive/Documents/Python projects/iNat_scraper/inaturalist_scraper.py", line 480, in extract_records
    species = obs['taxon']['name'].split()[1]
IndexError: list index out of range
2021-10-06 15:24:12,030 - species unavailable for obs id 41980305
Traceback (most recent call last):
  File "c:/Users/afris/OneDrive/Documents/Python projects/iNat_scraper/inaturalist_scraper.py", line 480, in extract_records
    species = obs['taxon']['name'].split()[1]
IndexError: list index out of range
2021-10-06 15:24:12,030 - species unavailable for obs id 60818757
Traceback (most recent call last):
  File "c:/Users/afris/OneDrive/Documents/Python projects/iNat_scraper/inaturalist_scraper.py", line 480, in extract_records
    species = obs['taxon']['name'].split()[1]
IndexError: list index out of range
2021-10-06 15:24:12,031 - 100 records extracted from page 2
2021-10-06 15:24:12,041 - 100 records successfully written to table 'Zimbabwe_reptiles' in sqlite3 'iNaturalist_reptile_records' database
2021-10-06 15:24:15,414 - 'Filterbydate' request successful; status_code = 200
2021-10-06 15:24:15,601 - species unavailable for obs id 56522944
Traceback (most recent call last):
  File "c:/Users/afris/OneDrive/Documents/Python projects/iNat_scraper/inaturalist_scraper.py", line 480, in extract_records
    species = obs['taxon']['name'].split()[1]
IndexError: list index out of range
2021-10-06 15:24:15,601 - species unavailable for obs id 8092538
Traceback (most recent call last):
  File "c:/Users/afris/OneDrive/Documents/Python projects/iNat_scraper/inaturalist_scraper.py", line 480, in extract_records
    species = obs['taxon']['name'].split()[1]
IndexError: list index out of range
2021-10-06 15:24:15,601 - species unavailable for obs id 169856
Traceback (most recent call last):
  File "c:/Users/afris/OneDrive/Documents/Python projects/iNat_scraper/inaturalist_scraper.py", line 480, in extract_records
    species = obs['taxon']['name'].split()[1]
IndexError: list index out of range
2021-10-06 15:24:15,602 - species unavailable for obs id 13582923
Traceback (most recent call last):
  File "c:/Users/afris/OneDrive/Documents/Python projects/iNat_scraper/inaturalist_scraper.py", line 480, in extract_records
    species = obs['taxon']['name'].split()[1]
IndexError: list index out of range
2021-10-06 15:24:15,602 - species unavailable for obs id 61209424
Traceback (most recent call last):
  File "c:/Users/afris/OneDrive/Documents/Python projects/iNat_scraper/inaturalist_scraper.py", line 480, in extract_records
    species = obs['taxon']['name'].split()[1]
IndexError: list index out of range
2021-10-06 15:24:15,602 - species unavailable for obs id 13583045
Traceback (most recent call last):
  File "c:/Users/afris/OneDrive/Documents/Python projects/iNat_scraper/inaturalist_scraper.py", line 480, in extract_records
    species = obs['taxon']['name'].split()[1]
IndexError: list index out of range
2021-10-06 15:24:15,603 - 100 records extracted from page 3
2021-10-06 15:24:15,617 - 100 records successfully written to table 'Zimbabwe_reptiles' in sqlite3 'iNaturalist_reptile_records' database
2021-10-06 15:24:18,587 - 'Filterbydate' request successful; status_code = 200
2021-10-06 15:24:18,767 - species unavailable for obs id 13860262
Traceback (most recent call last):
  File "c:/Users/afris/OneDrive/Documents/Python projects/iNat_scraper/inaturalist_scraper.py", line 480, in extract_records
    species = obs['taxon']['name'].split()[1]
IndexError: list index out of range
2021-10-06 15:24:18,768 - species unavailable for obs id 73293614
Traceback (most recent call last):
  File "c:/Users/afris/OneDrive/Documents/Python projects/iNat_scraper/inaturalist_scraper.py", line 480, in extract_records
    species = obs['taxon']['name'].split()[1]
IndexError: list index out of range
2021-10-06 15:24:18,768 - species unavailable for obs id 19423251
Traceback (most recent call last):
  File "c:/Users/afris/OneDrive/Documents/Python projects/iNat_scraper/inaturalist_scraper.py", line 480, in extract_records
    species = obs['taxon']['name'].split()[1]
IndexError: list index out of range
2021-10-06 15:24:18,768 - species unavailable for obs id 19423256
Traceback (most recent call last):
  File "c:/Users/afris/OneDrive/Documents/Python projects/iNat_scraper/inaturalist_scraper.py", line 480, in extract_records
    species = obs['taxon']['name'].split()[1]
IndexError: list index out of range
2021-10-06 15:24:18,769 - 100 records extracted from page 4
2021-10-06 15:24:18,783 - 100 records successfully written to table 'Zimbabwe_reptiles' in sqlite3 'iNaturalist_reptile_records' database
2021-10-06 15:24:21,946 - 'Filterbydate' request successful; status_code = 200
2021-10-06 15:24:22,083 - species unavailable for obs id 11286511
Traceback (most recent call last):
  File "c:/Users/afris/OneDrive/Documents/Python projects/iNat_scraper/inaturalist_scraper.py", line 480, in extract_records
    species = obs['taxon']['name'].split()[1]
IndexError: list index out of range
2021-10-06 15:24:22,083 - species unavailable for obs id 10638951
Traceback (most recent call last):
  File "c:/Users/afris/OneDrive/Documents/Python projects/iNat_scraper/inaturalist_scraper.py", line 480, in extract_records
    species = obs['taxon']['name'].split()[1]
IndexError: list index out of range
2021-10-06 15:24:22,083 - species unavailable for obs id 14703338
Traceback (most recent call last):
  File "c:/Users/afris/OneDrive/Documents/Python projects/iNat_scraper/inaturalist_scraper.py", line 480, in extract_records
    species = obs['taxon']['name'].split()[1]
IndexError: list index out of range
2021-10-06 15:24:22,084 - species unavailable for obs id 21198466
Traceback (most recent call last):
  File "c:/Users/afris/OneDrive/Documents/Python projects/iNat_scraper/inaturalist_scraper.py", line 480, in extract_records
    species = obs['taxon']['name'].split()[1]
IndexError: list index out of range
2021-10-06 15:24:22,084 - species unavailable for obs id 37015189
Traceback (most recent call last):
  File "c:/Users/afris/OneDrive/Documents/Python projects/iNat_scraper/inaturalist_scraper.py", line 480, in extract_records
    species = obs['taxon']['name'].split()[1]
IndexError: list index out of range
2021-10-06 15:24:22,084 - species unavailable for obs id 13176322
Traceback (most recent call last):
  File "c:/Users/afris/OneDrive/Documents/Python projects/iNat_scraper/inaturalist_scraper.py", line 480, in extract_records
    species = obs['taxon']['name'].split()[1]
IndexError: list index out of range
2021-10-06 15:24:22,084 - species unavailable for obs id 30057634
Traceback (most recent call last):
  File "c:/Users/afris/OneDrive/Documents/Python projects/iNat_scraper/inaturalist_scraper.py", line 480, in extract_records
    species = obs['taxon']['name'].split()[1]
IndexError: list index out of range
2021-10-06 15:24:22,084 - species unavailable for obs id 44489905
Traceback (most recent call last):
  File "c:/Users/afris/OneDrive/Documents/Python projects/iNat_scraper/inaturalist_scraper.py", line 480, in extract_records
    species = obs['taxon']['name'].split()[1]
IndexError: list index out of range
2021-10-06 15:24:22,084 - species unavailable for obs id 19423261
Traceback (most recent call last):
  File "c:/Users/afris/OneDrive/Documents/Python projects/iNat_scraper/inaturalist_scraper.py", line 480, in extract_records
    species = obs['taxon']['name'].split()[1]
IndexError: list index out of range
2021-10-06 15:24:22,085 - species unavailable for obs id 19423273
Traceback (most recent call last):
  File "c:/Users/afris/OneDrive/Documents/Python projects/iNat_scraper/inaturalist_scraper.py", line 480, in extract_records
    species = obs['taxon']['name'].split()[1]
IndexError: list index out of range
2021-10-06 15:24:22,085 - species unavailable for obs id 6319041
Traceback (most recent call last):
  File "c:/Users/afris/OneDrive/Documents/Python projects/iNat_scraper/inaturalist_scraper.py", line 480, in extract_records
    species = obs['taxon']['name'].split()[1]
IndexError: list index out of range
2021-10-06 15:24:22,086 - 100 records extracted from page 5
2021-10-06 15:24:22,100 - 100 records successfully written to table 'Zimbabwe_reptiles' in sqlite3 'iNaturalist_reptile_records' database
2021-10-06 15:24:26,160 - 'Filterbydate' request successful; status_code = 200
2021-10-06 15:24:26,367 - species unavailable for obs id 18028246
Traceback (most recent call last):
  File "c:/Users/afris/OneDrive/Documents/Python projects/iNat_scraper/inaturalist_scraper.py", line 480, in extract_records
    species = obs['taxon']['name'].split()[1]
IndexError: list index out of range
2021-10-06 15:24:26,367 - species unavailable for obs id 6307775
Traceback (most recent call last):
  File "c:/Users/afris/OneDrive/Documents/Python projects/iNat_scraper/inaturalist_scraper.py", line 480, in extract_records
    species = obs['taxon']['name'].split()[1]
IndexError: list index out of range
2021-10-06 15:24:26,367 - species unavailable for obs id 6307650
Traceback (most recent call last):
  File "c:/Users/afris/OneDrive/Documents/Python projects/iNat_scraper/inaturalist_scraper.py", line 480, in extract_records
    species = obs['taxon']['name'].split()[1]
IndexError: list index out of range
2021-10-06 15:24:26,368 - 100 records extracted from page 6
2021-10-06 15:24:26,384 - 100 records successfully written to table 'Zimbabwe_reptiles' in sqlite3 'iNaturalist_reptile_records' database
2021-10-06 15:24:30,653 - 'Filterbydate' request successful; status_code = 200
2021-10-06 15:24:30,794 - species unavailable for obs id 9114408
Traceback (most recent call last):
  File "c:/Users/afris/OneDrive/Documents/Python projects/iNat_scraper/inaturalist_scraper.py", line 480, in extract_records
    species = obs['taxon']['name'].split()[1]
IndexError: list index out of range
2021-10-06 15:24:30,794 - species unavailable for obs id 10679209
Traceback (most recent call last):
  File "c:/Users/afris/OneDrive/Documents/Python projects/iNat_scraper/inaturalist_scraper.py", line 480, in extract_records
    species = obs['taxon']['name'].split()[1]
IndexError: list index out of range
2021-10-06 15:24:30,794 - species unavailable for obs id 11068909
Traceback (most recent call last):
  File "c:/Users/afris/OneDrive/Documents/Python projects/iNat_scraper/inaturalist_scraper.py", line 480, in extract_records
    species = obs['taxon']['name'].split()[1]
IndexError: list index out of range
2021-10-06 15:24:30,795 - species unavailable for obs id 11746393
Traceback (most recent call last):
  File "c:/Users/afris/OneDrive/Documents/Python projects/iNat_scraper/inaturalist_scraper.py", line 480, in extract_records
    species = obs['taxon']['name'].split()[1]
IndexError: list index out of range
2021-10-06 15:24:30,795 - species unavailable for obs id 13110939
Traceback (most recent call last):
  File "c:/Users/afris/OneDrive/Documents/Python projects/iNat_scraper/inaturalist_scraper.py", line 480, in extract_records
    species = obs['taxon']['name'].split()[1]
IndexError: list index out of range
2021-10-06 15:24:30,795 - 100 records extracted from page 7
2021-10-06 15:24:30,806 - 100 records successfully written to table 'Zimbabwe_reptiles' in sqlite3 'iNaturalist_reptile_records' database
2021-10-06 15:24:34,107 - 'Filterbydate' request successful; status_code = 200
2021-10-06 15:24:34,318 - species unavailable for obs id 16152317
Traceback (most recent call last):
  File "c:/Users/afris/OneDrive/Documents/Python projects/iNat_scraper/inaturalist_scraper.py", line 480, in extract_records
    species = obs['taxon']['name'].split()[1]
IndexError: list index out of range
2021-10-06 15:24:34,318 - species unavailable for obs id 21254420
Traceback (most recent call last):
  File "c:/Users/afris/OneDrive/Documents/Python projects/iNat_scraper/inaturalist_scraper.py", line 480, in extract_records
    species = obs['taxon']['name'].split()[1]
IndexError: list index out of range
2021-10-06 15:24:34,318 - species unavailable for obs id 16880616
Traceback (most recent call last):
  File "c:/Users/afris/OneDrive/Documents/Python projects/iNat_scraper/inaturalist_scraper.py", line 480, in extract_records
    species = obs['taxon']['name'].split()[1]
IndexError: list index out of range
2021-10-06 15:24:34,318 - species unavailable for obs id 19066253
Traceback (most recent call last):
  File "c:/Users/afris/OneDrive/Documents/Python projects/iNat_scraper/inaturalist_scraper.py", line 480, in extract_records
    species = obs['taxon']['name'].split()[1]
IndexError: list index out of range
2021-10-06 15:24:34,319 - species unavailable for obs id 19011357
Traceback (most recent call last):
  File "c:/Users/afris/OneDrive/Documents/Python projects/iNat_scraper/inaturalist_scraper.py", line 480, in extract_records
    species = obs['taxon']['name'].split()[1]
IndexError: list index out of range
2021-10-06 15:24:34,319 - species unavailable for obs id 19066191
Traceback (most recent call last):
  File "c:/Users/afris/OneDrive/Documents/Python projects/iNat_scraper/inaturalist_scraper.py", line 480, in extract_records
    species = obs['taxon']['name'].split()[1]
IndexError: list index out of range
2021-10-06 15:24:34,319 - species unavailable for obs id 64256415
Traceback (most recent call last):
  File "c:/Users/afris/OneDrive/Documents/Python projects/iNat_scraper/inaturalist_scraper.py", line 480, in extract_records
    species = obs['taxon']['name'].split()[1]
IndexError: list index out of range
2021-10-06 15:24:34,319 - species unavailable for obs id 30827499
Traceback (most recent call last):
  File "c:/Users/afris/OneDrive/Documents/Python projects/iNat_scraper/inaturalist_scraper.py", line 480, in extract_records
    species = obs['taxon']['name'].split()[1]
IndexError: list index out of range
2021-10-06 15:24:34,320 - 100 records extracted from page 8
2021-10-06 15:24:34,334 - 100 records successfully written to table 'Zimbabwe_reptiles' in sqlite3 'iNaturalist_reptile_records' database
2021-10-06 15:24:39,818 - 'Filterbydate' request successful; status_code = 200
2021-10-06 15:24:39,929 - species unavailable for obs id 29460716
Traceback (most recent call last):
  File "c:/Users/afris/OneDrive/Documents/Python projects/iNat_scraper/inaturalist_scraper.py", line 480, in extract_records
    species = obs['taxon']['name'].split()[1]
IndexError: list index out of range
2021-10-06 15:24:39,930 - species unavailable for obs id 26738842
Traceback (most recent call last):
  File "c:/Users/afris/OneDrive/Documents/Python projects/iNat_scraper/inaturalist_scraper.py", line 480, in extract_records
    species = obs['taxon']['name'].split()[1]
IndexError: list index out of range
2021-10-06 15:24:39,930 - species unavailable for obs id 26599172
Traceback (most recent call last):
  File "c:/Users/afris/OneDrive/Documents/Python projects/iNat_scraper/inaturalist_scraper.py", line 480, in extract_records
    species = obs['taxon']['name'].split()[1]
IndexError: list index out of range
2021-10-06 15:24:39,930 - species unavailable for obs id 32061537
Traceback (most recent call last):
  File "c:/Users/afris/OneDrive/Documents/Python projects/iNat_scraper/inaturalist_scraper.py", line 480, in extract_records
    species = obs['taxon']['name'].split()[1]
IndexError: list index out of range
2021-10-06 15:24:39,930 - species unavailable for obs id 48463034
Traceback (most recent call last):
  File "c:/Users/afris/OneDrive/Documents/Python projects/iNat_scraper/inaturalist_scraper.py", line 480, in extract_records
    species = obs['taxon']['name'].split()[1]
IndexError: list index out of range
2021-10-06 15:24:39,930 - species unavailable for obs id 38469258
Traceback (most recent call last):
  File "c:/Users/afris/OneDrive/Documents/Python projects/iNat_scraper/inaturalist_scraper.py", line 480, in extract_records
    species = obs['taxon']['name'].split()[1]
IndexError: list index out of range
2021-10-06 15:24:39,931 - species unavailable for obs id 40090044
Traceback (most recent call last):
  File "c:/Users/afris/OneDrive/Documents/Python projects/iNat_scraper/inaturalist_scraper.py", line 480, in extract_records
    species = obs['taxon']['name'].split()[1]
IndexError: list index out of range
2021-10-06 15:24:39,931 - species unavailable for obs id 39285600
Traceback (most recent call last):
  File "c:/Users/afris/OneDrive/Documents/Python projects/iNat_scraper/inaturalist_scraper.py", line 480, in extract_records
    species = obs['taxon']['name'].split()[1]
IndexError: list index out of range
2021-10-06 15:24:39,931 - species unavailable for obs id 38511287
Traceback (most recent call last):
  File "c:/Users/afris/OneDrive/Documents/Python projects/iNat_scraper/inaturalist_scraper.py", line 480, in extract_records
    species = obs['taxon']['name'].split()[1]
IndexError: list index out of range
2021-10-06 15:24:39,931 - 100 records extracted from page 9
2021-10-06 15:24:39,941 - 100 records successfully written to table 'Zimbabwe_reptiles' in sqlite3 'iNaturalist_reptile_records' database
2021-10-06 15:24:43,358 - 'Filterbydate' request successful; status_code = 200
2021-10-06 15:24:43,518 - species unavailable for obs id 38567551
Traceback (most recent call last):
  File "c:/Users/afris/OneDrive/Documents/Python projects/iNat_scraper/inaturalist_scraper.py", line 480, in extract_records
    species = obs['taxon']['name'].split()[1]
IndexError: list index out of range
2021-10-06 15:24:43,519 - species unavailable for obs id 38640082
Traceback (most recent call last):
  File "c:/Users/afris/OneDrive/Documents/Python projects/iNat_scraper/inaturalist_scraper.py", line 480, in extract_records
    species = obs['taxon']['name'].split()[1]
IndexError: list index out of range
2021-10-06 15:24:43,519 - species unavailable for obs id 38456960
Traceback (most recent call last):
  File "c:/Users/afris/OneDrive/Documents/Python projects/iNat_scraper/inaturalist_scraper.py", line 480, in extract_records
    species = obs['taxon']['name'].split()[1]
IndexError: list index out of range
2021-10-06 15:24:43,519 - species unavailable for obs id 38698541
Traceback (most recent call last):
  File "c:/Users/afris/OneDrive/Documents/Python projects/iNat_scraper/inaturalist_scraper.py", line 480, in extract_records
    species = obs['taxon']['name'].split()[1]
IndexError: list index out of range
2021-10-06 15:24:43,519 - species unavailable for obs id 38903916
Traceback (most recent call last):
  File "c:/Users/afris/OneDrive/Documents/Python projects/iNat_scraper/inaturalist_scraper.py", line 480, in extract_records
    species = obs['taxon']['name'].split()[1]
IndexError: list index out of range
2021-10-06 15:24:43,519 - species unavailable for obs id 39246737
Traceback (most recent call last):
  File "c:/Users/afris/OneDrive/Documents/Python projects/iNat_scraper/inaturalist_scraper.py", line 480, in extract_records
    species = obs['taxon']['name'].split()[1]
IndexError: list index out of range
2021-10-06 15:24:43,520 - species unavailable for obs id 40017355
Traceback (most recent call last):
  File "c:/Users/afris/OneDrive/Documents/Python projects/iNat_scraper/inaturalist_scraper.py", line 480, in extract_records
    species = obs['taxon']['name'].split()[1]
IndexError: list index out of range
2021-10-06 15:24:43,520 - species unavailable for obs id 40517621
Traceback (most recent call last):
  File "c:/Users/afris/OneDrive/Documents/Python projects/iNat_scraper/inaturalist_scraper.py", line 480, in extract_records
    species = obs['taxon']['name'].split()[1]
IndexError: list index out of range
2021-10-06 15:24:43,520 - species unavailable for obs id 43295547
Traceback (most recent call last):
  File "c:/Users/afris/OneDrive/Documents/Python projects/iNat_scraper/inaturalist_scraper.py", line 480, in extract_records
    species = obs['taxon']['name'].split()[1]
IndexError: list index out of range
2021-10-06 15:24:43,520 - species unavailable for obs id 47732294
Traceback (most recent call last):
  File "c:/Users/afris/OneDrive/Documents/Python projects/iNat_scraper/inaturalist_scraper.py", line 480, in extract_records
    species = obs['taxon']['name'].split()[1]
IndexError: list index out of range
2021-10-06 15:24:43,520 - species unavailable for obs id 47932602
Traceback (most recent call last):
  File "c:/Users/afris/OneDrive/Documents/Python projects/iNat_scraper/inaturalist_scraper.py", line 480, in extract_records
    species = obs['taxon']['name'].split()[1]
IndexError: list index out of range
2021-10-06 15:24:43,520 - species unavailable for obs id 56600017
Traceback (most recent call last):
  File "c:/Users/afris/OneDrive/Documents/Python projects/iNat_scraper/inaturalist_scraper.py", line 480, in extract_records
    species = obs['taxon']['name'].split()[1]
IndexError: list index out of range
2021-10-06 15:24:43,521 - 100 records extracted from page 10
2021-10-06 15:24:43,529 - 100 records successfully written to table 'Zimbabwe_reptiles' in sqlite3 'iNaturalist_reptile_records' database
2021-10-06 15:24:47,354 - 'Filterbydate' request successful; status_code = 200
2021-10-06 15:24:47,510 - species unavailable for obs id 55259231
Traceback (most recent call last):
  File "c:/Users/afris/OneDrive/Documents/Python projects/iNat_scraper/inaturalist_scraper.py", line 480, in extract_records
    species = obs['taxon']['name'].split()[1]
IndexError: list index out of range
2021-10-06 15:24:47,511 - species unavailable for obs id 55292971
Traceback (most recent call last):
  File "c:/Users/afris/OneDrive/Documents/Python projects/iNat_scraper/inaturalist_scraper.py", line 480, in extract_records
    species = obs['taxon']['name'].split()[1]
IndexError: list index out of range
2021-10-06 15:24:47,511 - species unavailable for obs id 55566161
Traceback (most recent call last):
  File "c:/Users/afris/OneDrive/Documents/Python projects/iNat_scraper/inaturalist_scraper.py", line 480, in extract_records
    species = obs['taxon']['name'].split()[1]
IndexError: list index out of range
2021-10-06 15:24:47,511 - species unavailable for obs id 55590831
Traceback (most recent call last):
  File "c:/Users/afris/OneDrive/Documents/Python projects/iNat_scraper/inaturalist_scraper.py", line 480, in extract_records
    species = obs['taxon']['name'].split()[1]
IndexError: list index out of range
2021-10-06 15:24:47,511 - species unavailable for obs id 56924792
Traceback (most recent call last):
  File "c:/Users/afris/OneDrive/Documents/Python projects/iNat_scraper/inaturalist_scraper.py", line 480, in extract_records
    species = obs['taxon']['name'].split()[1]
IndexError: list index out of range
2021-10-06 15:24:47,511 - species unavailable for obs id 58235077
Traceback (most recent call last):
  File "c:/Users/afris/OneDrive/Documents/Python projects/iNat_scraper/inaturalist_scraper.py", line 480, in extract_records
    species = obs['taxon']['name'].split()[1]
IndexError: list index out of range
2021-10-06 15:24:47,512 - species unavailable for obs id 58951912
Traceback (most recent call last):
  File "c:/Users/afris/OneDrive/Documents/Python projects/iNat_scraper/inaturalist_scraper.py", line 480, in extract_records
    species = obs['taxon']['name'].split()[1]
IndexError: list index out of range
2021-10-06 15:24:47,512 - species unavailable for obs id 59163205
Traceback (most recent call last):
  File "c:/Users/afris/OneDrive/Documents/Python projects/iNat_scraper/inaturalist_scraper.py", line 480, in extract_records
    species = obs['taxon']['name'].split()[1]
IndexError: list index out of range
2021-10-06 15:24:47,512 - species unavailable for obs id 60808450
Traceback (most recent call last):
  File "c:/Users/afris/OneDrive/Documents/Python projects/iNat_scraper/inaturalist_scraper.py", line 480, in extract_records
    species = obs['taxon']['name'].split()[1]
IndexError: list index out of range
2021-10-06 15:24:47,512 - species unavailable for obs id 60802247
Traceback (most recent call last):
  File "c:/Users/afris/OneDrive/Documents/Python projects/iNat_scraper/inaturalist_scraper.py", line 480, in extract_records
    species = obs['taxon']['name'].split()[1]
IndexError: list index out of range
2021-10-06 15:24:47,512 - species unavailable for obs id 68916166
Traceback (most recent call last):
  File "c:/Users/afris/OneDrive/Documents/Python projects/iNat_scraper/inaturalist_scraper.py", line 480, in extract_records
    species = obs['taxon']['name'].split()[1]
IndexError: list index out of range
2021-10-06 15:24:47,512 - species unavailable for obs id 61000678
Traceback (most recent call last):
  File "c:/Users/afris/OneDrive/Documents/Python projects/iNat_scraper/inaturalist_scraper.py", line 480, in extract_records
    species = obs['taxon']['name'].split()[1]
IndexError: list index out of range
2021-10-06 15:24:47,513 - species unavailable for obs id 61019388
Traceback (most recent call last):
  File "c:/Users/afris/OneDrive/Documents/Python projects/iNat_scraper/inaturalist_scraper.py", line 480, in extract_records
    species = obs['taxon']['name'].split()[1]
IndexError: list index out of range
2021-10-06 15:24:47,513 - species unavailable for obs id 62694276
Traceback (most recent call last):
  File "c:/Users/afris/OneDrive/Documents/Python projects/iNat_scraper/inaturalist_scraper.py", line 480, in extract_records
    species = obs['taxon']['name'].split()[1]
IndexError: list index out of range
2021-10-06 15:24:47,513 - 100 records extracted from page 11
2021-10-06 15:24:47,522 - 100 records successfully written to table 'Zimbabwe_reptiles' in sqlite3 'iNaturalist_reptile_records' database
2021-10-06 15:24:51,274 - 'Filterbydate' request successful; status_code = 200
2021-10-06 15:24:51,402 - species unavailable for obs id 64185187
Traceback (most recent call last):
  File "c:/Users/afris/OneDrive/Documents/Python projects/iNat_scraper/inaturalist_scraper.py", line 480, in extract_records
    species = obs['taxon']['name'].split()[1]
IndexError: list index out of range
2021-10-06 15:24:51,402 - species unavailable for obs id 63810995
Traceback (most recent call last):
  File "c:/Users/afris/OneDrive/Documents/Python projects/iNat_scraper/inaturalist_scraper.py", line 480, in extract_records
    species = obs['taxon']['name'].split()[1]
IndexError: list index out of range
2021-10-06 15:24:51,403 - species unavailable for obs id 64168983
Traceback (most recent call last):
  File "c:/Users/afris/OneDrive/Documents/Python projects/iNat_scraper/inaturalist_scraper.py", line 480, in extract_records
    species = obs['taxon']['name'].split()[1]
IndexError: list index out of range
2021-10-06 15:24:51,403 - species unavailable for obs id 65281735
Traceback (most recent call last):
  File "c:/Users/afris/OneDrive/Documents/Python projects/iNat_scraper/inaturalist_scraper.py", line 480, in extract_records
    species = obs['taxon']['name'].split()[1]
IndexError: list index out of range
2021-10-06 15:24:51,403 - species unavailable for obs id 67947959
Traceback (most recent call last):
  File "c:/Users/afris/OneDrive/Documents/Python projects/iNat_scraper/inaturalist_scraper.py", line 480, in extract_records
    species = obs['taxon']['name'].split()[1]
IndexError: list index out of range
2021-10-06 15:24:51,403 - species unavailable for obs id 67993537
Traceback (most recent call last):
  File "c:/Users/afris/OneDrive/Documents/Python projects/iNat_scraper/inaturalist_scraper.py", line 480, in extract_records
    species = obs['taxon']['name'].split()[1]
IndexError: list index out of range
2021-10-06 15:24:51,403 - species unavailable for obs id 68141325
Traceback (most recent call last):
  File "c:/Users/afris/OneDrive/Documents/Python projects/iNat_scraper/inaturalist_scraper.py", line 480, in extract_records
    species = obs['taxon']['name'].split()[1]
IndexError: list index out of range
2021-10-06 15:24:51,404 - 100 records extracted from page 12
2021-10-06 15:24:51,419 - 100 records successfully written to table 'Zimbabwe_reptiles' in sqlite3 'iNaturalist_reptile_records' database
2021-10-06 15:24:54,979 - 'Filterbydate' request successful; status_code = 200
2021-10-06 15:24:55,117 - species unavailable for obs id 68799220
Traceback (most recent call last):
  File "c:/Users/afris/OneDrive/Documents/Python projects/iNat_scraper/inaturalist_scraper.py", line 480, in extract_records
    species = obs['taxon']['name'].split()[1]
IndexError: list index out of range
2021-10-06 15:24:55,117 - species unavailable for obs id 71192458
Traceback (most recent call last):
  File "c:/Users/afris/OneDrive/Documents/Python projects/iNat_scraper/inaturalist_scraper.py", line 480, in extract_records
    species = obs['taxon']['name'].split()[1]
IndexError: list index out of range
2021-10-06 15:24:55,117 - species unavailable for obs id 73393802
Traceback (most recent call last):
  File "c:/Users/afris/OneDrive/Documents/Python projects/iNat_scraper/inaturalist_scraper.py", line 480, in extract_records
    species = obs['taxon']['name'].split()[1]
IndexError: list index out of range
2021-10-06 15:24:55,117 - species unavailable for obs id 73393907
Traceback (most recent call last):
  File "c:/Users/afris/OneDrive/Documents/Python projects/iNat_scraper/inaturalist_scraper.py", line 480, in extract_records
    species = obs['taxon']['name'].split()[1]
IndexError: list index out of range
2021-10-06 15:24:55,118 - species unavailable for obs id 74919512
Traceback (most recent call last):
  File "c:/Users/afris/OneDrive/Documents/Python projects/iNat_scraper/inaturalist_scraper.py", line 480, in extract_records
    species = obs['taxon']['name'].split()[1]
IndexError: list index out of range
2021-10-06 15:24:55,118 - species unavailable for obs id 77878235
Traceback (most recent call last):
  File "c:/Users/afris/OneDrive/Documents/Python projects/iNat_scraper/inaturalist_scraper.py", line 480, in extract_records
    species = obs['taxon']['name'].split()[1]
IndexError: list index out of range
2021-10-06 15:24:55,118 - species unavailable for obs id 78663887
Traceback (most recent call last):
  File "c:/Users/afris/OneDrive/Documents/Python projects/iNat_scraper/inaturalist_scraper.py", line 480, in extract_records
    species = obs['taxon']['name'].split()[1]
IndexError: list index out of range
2021-10-06 15:24:55,118 - species unavailable for obs id 80202772
Traceback (most recent call last):
  File "c:/Users/afris/OneDrive/Documents/Python projects/iNat_scraper/inaturalist_scraper.py", line 480, in extract_records
    species = obs['taxon']['name'].split()[1]
IndexError: list index out of range
2021-10-06 15:24:55,119 - 100 records extracted from page 13
2021-10-06 15:24:55,128 - 100 records successfully written to table 'Zimbabwe_reptiles' in sqlite3 'iNaturalist_reptile_records' database
2021-10-06 15:24:56,354 - 'Filterbydate' request successful; status_code = 200
2021-10-06 15:24:56,387 - species unavailable for obs id 84432110
Traceback (most recent call last):
  File "c:/Users/afris/OneDrive/Documents/Python projects/iNat_scraper/inaturalist_scraper.py", line 480, in extract_records
    species = obs['taxon']['name'].split()[1]
IndexError: list index out of range
2021-10-06 15:24:56,387 - species unavailable for obs id 91220527
Traceback (most recent call last):
  File "c:/Users/afris/OneDrive/Documents/Python projects/iNat_scraper/inaturalist_scraper.py", line 480, in extract_records
    species = obs['taxon']['name'].split()[1]
IndexError: list index out of range
2021-10-06 15:24:56,388 - 32 records extracted from page 14
2021-10-06 15:24:56,404 - 32 records successfully written to table 'Zimbabwe_reptiles' in sqlite3 'iNaturalist_reptile_records' database
2021-10-06 15:24:56,985 - 'Filterbydate' request successful; status_code = 200
2021-10-06 15:24:56,989 - 0 records extracted from page 15
2021-10-06 15:24:56,990 - All records scraped; page 14 was the last page containing records
2021-10-06 15:24:56,991 - Total number of observations extracted: 1332
The code terminated in set 1 of 10000 records
2021-10-06 15:26:56,517 - 

--------------------

A new instance of the iNatPipeline class has been created

2021-10-06 15:26:56,517 - 

--------------------

A new instance of the iNaturalist class has been created

2021-10-06 15:26:56,518 - A new scrape job has been initiated

2021-10-06 15:26:56,524 - Table 'Botswana_reptiles' successfully created in sqlite3 'iNaturalist_reptile_records' database
2021-10-06 15:27:02,267 - Successfully logged into iNaturalist as Afrisnake
2021-10-06 15:27:04,415 - 'Find oldest record' request successful; status_code = 200
2021-10-06 15:27:04,417 - The earliest record for this query (oldest_str) is 1990-01-01
2021-10-06 15:27:08,994 - 'Filterbydate' request successful; status_code = 200
2021-10-06 15:27:09,124 - species unavailable for obs id 26445
Traceback (most recent call last):
  File "c:/Users/afris/OneDrive/Documents/Python projects/iNat_scraper/inaturalist_scraper.py", line 480, in extract_records
    species = obs['taxon']['name'].split()[1]
IndexError: list index out of range
2021-10-06 15:27:09,125 - species unavailable for obs id 42270507
Traceback (most recent call last):
  File "c:/Users/afris/OneDrive/Documents/Python projects/iNat_scraper/inaturalist_scraper.py", line 480, in extract_records
    species = obs['taxon']['name'].split()[1]
IndexError: list index out of range
2021-10-06 15:27:09,126 - 100 records extracted from page 1
2021-10-06 15:27:09,135 - 100 records successfully written to table 'Botswana_reptiles' in sqlite3 'iNaturalist_reptile_records' database
2021-10-06 15:27:13,784 - 'Filterbydate' request successful; status_code = 200
2021-10-06 15:27:13,928 - species unavailable for obs id 46526671
Traceback (most recent call last):
  File "c:/Users/afris/OneDrive/Documents/Python projects/iNat_scraper/inaturalist_scraper.py", line 480, in extract_records
    species = obs['taxon']['name'].split()[1]
IndexError: list index out of range
2021-10-06 15:27:13,928 - species unavailable for obs id 5825
Traceback (most recent call last):
  File "c:/Users/afris/OneDrive/Documents/Python projects/iNat_scraper/inaturalist_scraper.py", line 480, in extract_records
    species = obs['taxon']['name'].split()[1]
IndexError: list index out of range
2021-10-06 15:27:13,929 - 100 records extracted from page 2
2021-10-06 15:27:13,943 - 100 records successfully written to table 'Botswana_reptiles' in sqlite3 'iNaturalist_reptile_records' database
2021-10-06 15:27:20,050 - 'Filterbydate' request successful; status_code = 200
2021-10-06 15:27:20,206 - species unavailable for obs id 88826
Traceback (most recent call last):
  File "c:/Users/afris/OneDrive/Documents/Python projects/iNat_scraper/inaturalist_scraper.py", line 480, in extract_records
    species = obs['taxon']['name'].split()[1]
IndexError: list index out of range
2021-10-06 15:27:20,207 - 100 records extracted from page 3
2021-10-06 15:27:20,219 - 100 records successfully written to table 'Botswana_reptiles' in sqlite3 'iNaturalist_reptile_records' database
2021-10-06 15:27:25,215 - 'Filterbydate' request successful; status_code = 200
2021-10-06 15:27:25,437 - species unavailable for obs id 3868446
Traceback (most recent call last):
  File "c:/Users/afris/OneDrive/Documents/Python projects/iNat_scraper/inaturalist_scraper.py", line 480, in extract_records
    species = obs['taxon']['name'].split()[1]
IndexError: list index out of range
2021-10-06 15:27:25,438 - species unavailable for obs id 78857735
Traceback (most recent call last):
  File "c:/Users/afris/OneDrive/Documents/Python projects/iNat_scraper/inaturalist_scraper.py", line 480, in extract_records
    species = obs['taxon']['name'].split()[1]
IndexError: list index out of range
2021-10-06 15:27:25,438 - species unavailable for obs id 11120059
Traceback (most recent call last):
  File "c:/Users/afris/OneDrive/Documents/Python projects/iNat_scraper/inaturalist_scraper.py", line 480, in extract_records
    species = obs['taxon']['name'].split()[1]
IndexError: list index out of range
2021-10-06 15:27:25,439 - 100 records extracted from page 4
2021-10-06 15:27:25,448 - 100 records successfully written to table 'Botswana_reptiles' in sqlite3 'iNaturalist_reptile_records' database
2021-10-06 15:27:31,098 - 'Filterbydate' request successful; status_code = 200
2021-10-06 15:27:31,283 - species unavailable for obs id 2500172
Traceback (most recent call last):
  File "c:/Users/afris/OneDrive/Documents/Python projects/iNat_scraper/inaturalist_scraper.py", line 480, in extract_records
    species = obs['taxon']['name'].split()[1]
IndexError: list index out of range
2021-10-06 15:27:31,284 - 100 records extracted from page 5
2021-10-06 15:27:31,296 - 100 records successfully written to table 'Botswana_reptiles' in sqlite3 'iNaturalist_reptile_records' database
2021-10-06 15:27:34,933 - 'Filterbydate' request successful; status_code = 200
2021-10-06 15:27:35,063 - species unavailable for obs id 54608553
Traceback (most recent call last):
  File "c:/Users/afris/OneDrive/Documents/Python projects/iNat_scraper/inaturalist_scraper.py", line 480, in extract_records
    species = obs['taxon']['name'].split()[1]
IndexError: list index out of range
2021-10-06 15:27:35,064 - species unavailable for obs id 19053454
Traceback (most recent call last):
  File "c:/Users/afris/OneDrive/Documents/Python projects/iNat_scraper/inaturalist_scraper.py", line 480, in extract_records
    species = obs['taxon']['name'].split()[1]
IndexError: list index out of range
2021-10-06 15:27:35,064 - species unavailable for obs id 28747178
Traceback (most recent call last):
  File "c:/Users/afris/OneDrive/Documents/Python projects/iNat_scraper/inaturalist_scraper.py", line 480, in extract_records
    species = obs['taxon']['name'].split()[1]
IndexError: list index out of range
2021-10-06 15:27:35,064 - species unavailable for obs id 28548477
Traceback (most recent call last):
  File "c:/Users/afris/OneDrive/Documents/Python projects/iNat_scraper/inaturalist_scraper.py", line 480, in extract_records
    species = obs['taxon']['name'].split()[1]
IndexError: list index out of range
2021-10-06 15:27:35,064 - species unavailable for obs id 23149579
Traceback (most recent call last):
  File "c:/Users/afris/OneDrive/Documents/Python projects/iNat_scraper/inaturalist_scraper.py", line 480, in extract_records
    species = obs['taxon']['name'].split()[1]
IndexError: list index out of range
2021-10-06 15:27:35,065 - species unavailable for obs id 6315296
Traceback (most recent call last):
  File "c:/Users/afris/OneDrive/Documents/Python projects/iNat_scraper/inaturalist_scraper.py", line 480, in extract_records
    species = obs['taxon']['name'].split()[1]
IndexError: list index out of range
2021-10-06 15:27:35,065 - 100 records extracted from page 6
2021-10-06 15:27:35,074 - 100 records successfully written to table 'Botswana_reptiles' in sqlite3 'iNaturalist_reptile_records' database
2021-10-06 15:27:39,466 - 'Filterbydate' request successful; status_code = 200
2021-10-06 15:27:39,620 - species unavailable for obs id 9975980
Traceback (most recent call last):
  File "c:/Users/afris/OneDrive/Documents/Python projects/iNat_scraper/inaturalist_scraper.py", line 480, in extract_records
    species = obs['taxon']['name'].split()[1]
IndexError: list index out of range
2021-10-06 15:27:39,621 - 100 records extracted from page 7
2021-10-06 15:27:39,634 - 100 records successfully written to table 'Botswana_reptiles' in sqlite3 'iNaturalist_reptile_records' database
2021-10-06 15:27:44,887 - 'Filterbydate' request successful; status_code = 200
2021-10-06 15:27:45,025 - 100 records extracted from page 8
2021-10-06 15:27:45,035 - 100 records successfully written to table 'Botswana_reptiles' in sqlite3 'iNaturalist_reptile_records' database
2021-10-06 15:27:49,594 - 'Filterbydate' request successful; status_code = 200
2021-10-06 15:27:49,748 - species unavailable for obs id 19042850
Traceback (most recent call last):
  File "c:/Users/afris/OneDrive/Documents/Python projects/iNat_scraper/inaturalist_scraper.py", line 480, in extract_records
    species = obs['taxon']['name'].split()[1]
IndexError: list index out of range
2021-10-06 15:27:49,749 - 100 records extracted from page 9
2021-10-06 15:27:49,759 - 100 records successfully written to table 'Botswana_reptiles' in sqlite3 'iNaturalist_reptile_records' database
2021-10-06 15:27:53,694 - 'Filterbydate' request successful; status_code = 200
2021-10-06 15:27:53,844 - species unavailable for obs id 42617507
Traceback (most recent call last):
  File "c:/Users/afris/OneDrive/Documents/Python projects/iNat_scraper/inaturalist_scraper.py", line 480, in extract_records
    species = obs['taxon']['name'].split()[1]
IndexError: list index out of range
2021-10-06 15:27:53,845 - species unavailable for obs id 26237581
Traceback (most recent call last):
  File "c:/Users/afris/OneDrive/Documents/Python projects/iNat_scraper/inaturalist_scraper.py", line 480, in extract_records
    species = obs['taxon']['name'].split()[1]
IndexError: list index out of range
2021-10-06 15:27:53,845 - species unavailable for obs id 26790650
Traceback (most recent call last):
  File "c:/Users/afris/OneDrive/Documents/Python projects/iNat_scraper/inaturalist_scraper.py", line 480, in extract_records
    species = obs['taxon']['name'].split()[1]
IndexError: list index out of range
2021-10-06 15:27:53,845 - species unavailable for obs id 26376005
Traceback (most recent call last):
  File "c:/Users/afris/OneDrive/Documents/Python projects/iNat_scraper/inaturalist_scraper.py", line 480, in extract_records
    species = obs['taxon']['name'].split()[1]
IndexError: list index out of range
2021-10-06 15:27:53,845 - species unavailable for obs id 25373693
Traceback (most recent call last):
  File "c:/Users/afris/OneDrive/Documents/Python projects/iNat_scraper/inaturalist_scraper.py", line 480, in extract_records
    species = obs['taxon']['name'].split()[1]
IndexError: list index out of range
2021-10-06 15:27:53,846 - species unavailable for obs id 27857039
Traceback (most recent call last):
  File "c:/Users/afris/OneDrive/Documents/Python projects/iNat_scraper/inaturalist_scraper.py", line 480, in extract_records
    species = obs['taxon']['name'].split()[1]
IndexError: list index out of range
2021-10-06 15:27:53,846 - species unavailable for obs id 27871612
Traceback (most recent call last):
  File "c:/Users/afris/OneDrive/Documents/Python projects/iNat_scraper/inaturalist_scraper.py", line 480, in extract_records
    species = obs['taxon']['name'].split()[1]
IndexError: list index out of range
2021-10-06 15:27:53,846 - species unavailable for obs id 51764656
Traceback (most recent call last):
  File "c:/Users/afris/OneDrive/Documents/Python projects/iNat_scraper/inaturalist_scraper.py", line 480, in extract_records
    species = obs['taxon']['name'].split()[1]
IndexError: list index out of range
2021-10-06 15:27:53,846 - species unavailable for obs id 31427109
Traceback (most recent call last):
  File "c:/Users/afris/OneDrive/Documents/Python projects/iNat_scraper/inaturalist_scraper.py", line 480, in extract_records
    species = obs['taxon']['name'].split()[1]
IndexError: list index out of range
2021-10-06 15:27:53,847 - species unavailable for obs id 30797703
Traceback (most recent call last):
  File "c:/Users/afris/OneDrive/Documents/Python projects/iNat_scraper/inaturalist_scraper.py", line 480, in extract_records
    species = obs['taxon']['name'].split()[1]
IndexError: list index out of range
2021-10-06 15:27:53,847 - species unavailable for obs id 34409055
Traceback (most recent call last):
  File "c:/Users/afris/OneDrive/Documents/Python projects/iNat_scraper/inaturalist_scraper.py", line 480, in extract_records
    species = obs['taxon']['name'].split()[1]
IndexError: list index out of range
2021-10-06 15:27:53,848 - 100 records extracted from page 10
2021-10-06 15:27:53,857 - 100 records successfully written to table 'Botswana_reptiles' in sqlite3 'iNaturalist_reptile_records' database
2021-10-06 15:27:57,563 - 'Filterbydate' request successful; status_code = 200
2021-10-06 15:27:57,667 - 100 records extracted from page 11
2021-10-06 15:27:57,677 - 100 records successfully written to table 'Botswana_reptiles' in sqlite3 'iNaturalist_reptile_records' database
2021-10-06 15:28:00,977 - 'Filterbydate' request successful; status_code = 200
2021-10-06 15:28:01,117 - species unavailable for obs id 65897602
Traceback (most recent call last):
  File "c:/Users/afris/OneDrive/Documents/Python projects/iNat_scraper/inaturalist_scraper.py", line 480, in extract_records
    species = obs['taxon']['name'].split()[1]
IndexError: list index out of range
2021-10-06 15:28:01,117 - species unavailable for obs id 40021730
Traceback (most recent call last):
  File "c:/Users/afris/OneDrive/Documents/Python projects/iNat_scraper/inaturalist_scraper.py", line 480, in extract_records
    species = obs['taxon']['name'].split()[1]
IndexError: list index out of range
2021-10-06 15:28:01,117 - species unavailable for obs id 41370473
Traceback (most recent call last):
  File "c:/Users/afris/OneDrive/Documents/Python projects/iNat_scraper/inaturalist_scraper.py", line 480, in extract_records
    species = obs['taxon']['name'].split()[1]
IndexError: list index out of range
2021-10-06 15:28:01,119 - 100 records extracted from page 12
2021-10-06 15:28:01,126 - 100 records successfully written to table 'Botswana_reptiles' in sqlite3 'iNaturalist_reptile_records' database
2021-10-06 15:28:04,656 - 'Filterbydate' request successful; status_code = 200
2021-10-06 15:28:04,752 - species unavailable for obs id 42826501
Traceback (most recent call last):
  File "c:/Users/afris/OneDrive/Documents/Python projects/iNat_scraper/inaturalist_scraper.py", line 480, in extract_records
    species = obs['taxon']['name'].split()[1]
IndexError: list index out of range
2021-10-06 15:28:04,753 - species unavailable for obs id 44585624
Traceback (most recent call last):
  File "c:/Users/afris/OneDrive/Documents/Python projects/iNat_scraper/inaturalist_scraper.py", line 480, in extract_records
    species = obs['taxon']['name'].split()[1]
IndexError: list index out of range
2021-10-06 15:28:04,753 - species unavailable for obs id 44864876
Traceback (most recent call last):
  File "c:/Users/afris/OneDrive/Documents/Python projects/iNat_scraper/inaturalist_scraper.py", line 480, in extract_records
    species = obs['taxon']['name'].split()[1]
IndexError: list index out of range
2021-10-06 15:28:04,753 - species unavailable for obs id 47085449
Traceback (most recent call last):
  File "c:/Users/afris/OneDrive/Documents/Python projects/iNat_scraper/inaturalist_scraper.py", line 480, in extract_records
    species = obs['taxon']['name'].split()[1]
IndexError: list index out of range
2021-10-06 15:28:04,754 - species unavailable for obs id 55377647
Traceback (most recent call last):
  File "c:/Users/afris/OneDrive/Documents/Python projects/iNat_scraper/inaturalist_scraper.py", line 480, in extract_records
    species = obs['taxon']['name'].split()[1]
IndexError: list index out of range
2021-10-06 15:28:04,754 - 100 records extracted from page 13
2021-10-06 15:28:04,764 - 100 records successfully written to table 'Botswana_reptiles' in sqlite3 'iNaturalist_reptile_records' database
2021-10-06 15:28:07,961 - 'Filterbydate' request successful; status_code = 200
2021-10-06 15:28:08,079 - species unavailable for obs id 60321153
Traceback (most recent call last):
  File "c:/Users/afris/OneDrive/Documents/Python projects/iNat_scraper/inaturalist_scraper.py", line 480, in extract_records
    species = obs['taxon']['name'].split()[1]
IndexError: list index out of range
2021-10-06 15:28:08,079 - species unavailable for obs id 60405321
Traceback (most recent call last):
  File "c:/Users/afris/OneDrive/Documents/Python projects/iNat_scraper/inaturalist_scraper.py", line 480, in extract_records
    species = obs['taxon']['name'].split()[1]
IndexError: list index out of range
2021-10-06 15:28:08,079 - species unavailable for obs id 60405326
Traceback (most recent call last):
  File "c:/Users/afris/OneDrive/Documents/Python projects/iNat_scraper/inaturalist_scraper.py", line 480, in extract_records
    species = obs['taxon']['name'].split()[1]
IndexError: list index out of range
2021-10-06 15:28:08,080 - species unavailable for obs id 60405330
Traceback (most recent call last):
  File "c:/Users/afris/OneDrive/Documents/Python projects/iNat_scraper/inaturalist_scraper.py", line 480, in extract_records
    species = obs['taxon']['name'].split()[1]
IndexError: list index out of range
2021-10-06 15:28:08,080 - species unavailable for obs id 65629295
Traceback (most recent call last):
  File "c:/Users/afris/OneDrive/Documents/Python projects/iNat_scraper/inaturalist_scraper.py", line 480, in extract_records
    species = obs['taxon']['name'].split()[1]
IndexError: list index out of range
2021-10-06 15:28:08,080 - species unavailable for obs id 66134497
Traceback (most recent call last):
  File "c:/Users/afris/OneDrive/Documents/Python projects/iNat_scraper/inaturalist_scraper.py", line 480, in extract_records
    species = obs['taxon']['name'].split()[1]
IndexError: list index out of range
2021-10-06 15:28:08,080 - species unavailable for obs id 66135310
Traceback (most recent call last):
  File "c:/Users/afris/OneDrive/Documents/Python projects/iNat_scraper/inaturalist_scraper.py", line 480, in extract_records
    species = obs['taxon']['name'].split()[1]
IndexError: list index out of range
2021-10-06 15:28:08,080 - species unavailable for obs id 68475687
Traceback (most recent call last):
  File "c:/Users/afris/OneDrive/Documents/Python projects/iNat_scraper/inaturalist_scraper.py", line 480, in extract_records
    species = obs['taxon']['name'].split()[1]
IndexError: list index out of range
2021-10-06 15:28:08,081 - species unavailable for obs id 74607316
Traceback (most recent call last):
  File "c:/Users/afris/OneDrive/Documents/Python projects/iNat_scraper/inaturalist_scraper.py", line 480, in extract_records
    species = obs['taxon']['name'].split()[1]
IndexError: list index out of range
2021-10-06 15:28:08,081 - species unavailable for obs id 77225988
Traceback (most recent call last):
  File "c:/Users/afris/OneDrive/Documents/Python projects/iNat_scraper/inaturalist_scraper.py", line 480, in extract_records
    species = obs['taxon']['name'].split()[1]
IndexError: list index out of range
2021-10-06 15:28:08,081 - species unavailable for obs id 77250719
Traceback (most recent call last):
  File "c:/Users/afris/OneDrive/Documents/Python projects/iNat_scraper/inaturalist_scraper.py", line 480, in extract_records
    species = obs['taxon']['name'].split()[1]
IndexError: list index out of range
2021-10-06 15:28:08,081 - species unavailable for obs id 76955929
Traceback (most recent call last):
  File "c:/Users/afris/OneDrive/Documents/Python projects/iNat_scraper/inaturalist_scraper.py", line 480, in extract_records
    species = obs['taxon']['name'].split()[1]
IndexError: list index out of range
2021-10-06 15:28:08,081 - 100 records extracted from page 14
2021-10-06 15:28:08,091 - 100 records successfully written to table 'Botswana_reptiles' in sqlite3 'iNaturalist_reptile_records' database
2021-10-06 15:28:09,447 - 'Filterbydate' request successful; status_code = 200
2021-10-06 15:28:09,493 - species unavailable for obs id 77978814
Traceback (most recent call last):
  File "c:/Users/afris/OneDrive/Documents/Python projects/iNat_scraper/inaturalist_scraper.py", line 480, in extract_records
    species = obs['taxon']['name'].split()[1]
IndexError: list index out of range
2021-10-06 15:28:09,493 - species unavailable for obs id 86030824
Traceback (most recent call last):
  File "c:/Users/afris/OneDrive/Documents/Python projects/iNat_scraper/inaturalist_scraper.py", line 480, in extract_records
    species = obs['taxon']['name'].split()[1]
IndexError: list index out of range
2021-10-06 15:28:09,493 - species unavailable for obs id 93348892
Traceback (most recent call last):
  File "c:/Users/afris/OneDrive/Documents/Python projects/iNat_scraper/inaturalist_scraper.py", line 480, in extract_records
    species = obs['taxon']['name'].split()[1]
IndexError: list index out of range
2021-10-06 15:28:09,494 - species unavailable for obs id 97040351
Traceback (most recent call last):
  File "c:/Users/afris/OneDrive/Documents/Python projects/iNat_scraper/inaturalist_scraper.py", line 480, in extract_records
    species = obs['taxon']['name'].split()[1]
IndexError: list index out of range
2021-10-06 15:28:09,494 - 28 records extracted from page 15
2021-10-06 15:28:09,504 - 28 records successfully written to table 'Botswana_reptiles' in sqlite3 'iNaturalist_reptile_records' database
2021-10-06 15:28:10,303 - 'Filterbydate' request successful; status_code = 200
2021-10-06 15:28:10,310 - 0 records extracted from page 16
2021-10-06 15:28:10,311 - All records scraped; page 15 was the last page containing records
2021-10-06 15:28:10,311 - Total number of observations extracted: 1428
The code terminated in set 1 of 10000 records
